<?xml version="1.0" encoding="UTF-8"?>
<testsuite name="com.jbajak.treasurehunt.controller.TreasureHuntResultJsonTest" tests="3" skipped="0" failures="0" errors="0" timestamp="2020-02-02T20:03:14" hostname="DESKTOPJB" time="0.007">
  <properties/>
  <testcase name="testCreatesResultForNoTreasure" classname="com.jbajak.treasurehunt.controller.TreasureHuntResultJsonTest" time="0.003"/>
  <testcase name="testThrowsExceptionForNull" classname="com.jbajak.treasurehunt.controller.TreasureHuntResultJsonTest" time="0.003"/>
  <testcase name="testCreatesResultForTreasureFound" classname="com.jbajak.treasurehunt.controller.TreasureHuntResultJsonTest" time="0.001"/>
  <system-out><![CDATA[]]></system-out>
  <system-err><![CDATA[]]></system-err>
</testsuite>
