<?xml version="1.0" encoding="UTF-8"?>
<testsuite name="com.jbajak.treasurehunt.model.TreasureHuntResultTest" tests="3" skipped="0" failures="0" errors="0" timestamp="2020-02-02T20:03:14" hostname="DESKTOPJB" time="0.005">
  <properties/>
  <testcase name="testCreatesResultForNoTreasure" classname="com.jbajak.treasurehunt.model.TreasureHuntResultTest" time="0.0"/>
  <testcase name="testThrowsExceptionForNull" classname="com.jbajak.treasurehunt.model.TreasureHuntResultTest" time="0.002"/>
  <testcase name="testCreatesResultForTreasureFound" classname="com.jbajak.treasurehunt.model.TreasureHuntResultTest" time="0.002"/>
  <system-out><![CDATA[]]></system-out>
  <system-err><![CDATA[]]></system-err>
</testsuite>
